<?xml version="1.0" encoding="UTF-8"?>
<!-- Generated by org.testng.reporters.JUnitReportReporter -->
<testsuite hostname="DESKTOP-7B1GI6J" failures="0" tests="1" name="TstNG2.Qsp7" time="0.003" errors="0" timestamp="2024-08-01T14:37:59 IST" skipped="0">
  <testcase classname="TstNG2.Qsp7" name="test0" time="0.003"/>
  <system-out>
    <![CDATA[Red]]>
  </system-out>
</testsuite> <!-- TstNG2.Qsp7 -->
