<?xml version="1.0" encoding="UTF-8"?>
<!-- Generated by org.testng.reporters.JUnitReportReporter -->
<testsuite hostname="DESKTOP-7B1GI6J" failures="0" tests="1" name="tstNG.Qsp2" time="21.683" errors="0" timestamp="2024-08-01T15:44:48 IST" skipped="0">
  <testcase classname="tstNG.Qsp2" name="Data" time="21.683"/>
  <system-out/>
</testsuite> <!-- tstNG.Qsp2 -->
