<?xml version="1.0" encoding="UTF-8"?>
<!-- Generated by org.testng.reporters.JUnitReportReporter -->
<testsuite hostname="DESKTOP-7B1GI6J" failures="0" tests="2" name="TstNG1.Qsp4" time="0.012" errors="0" timestamp="2024-08-01T14:37:59 IST" skipped="0">
  <testcase classname="TstNG1.Qsp4" name="test1" time="0.006"/>
  <system-out>
    <![CDATA[Priyanka]]>
  </system-out>
  <testcase classname="TstNG1.Qsp4" name="test0" time="0.006"/>
  <system-out>
    <![CDATA[Janvi]]>
  </system-out>
</testsuite> <!-- TstNG1.Qsp4 -->
