<?xml version="1.0" encoding="UTF-8"?>
<!-- Generated by org.testng.reporters.JUnitReportReporter -->
<testsuite hostname="DESKTOP-7B1GI6J" failures="0" tests="1" name="Ppoomm.CurrentDate" time="0.068" errors="0" timestamp="2024-08-16T14:57:23 IST" skipped="0">
  <testcase classname="Ppoomm.CurrentDate" name="d1" time="0.068"/>
  <system-out/>
</testsuite> <!-- Ppoomm.CurrentDate -->
