<?xml version="1.0" encoding="UTF-8"?>
<!-- Generated by org.testng.reporters.JUnitReportReporter -->
<testsuite hostname="DESKTOP-7B1GI6J" failures="0" tests="1" name="Listener.Runnerexe" time="0.016" errors="0" timestamp="2024-08-16T14:19:37 IST" skipped="0">
  <testcase classname="Listener.Runnerexe" name="Compose" time="0.016"/>
  <system-out/>
</testsuite> <!-- Listener.Runnerexe -->
