<?xml version="1.0" encoding="UTF-8"?>
<!-- Generated by org.testng.reporters.JUnitReportReporter -->
<testsuite hostname="DESKTOP-7B1GI6J" failures="0" tests="2" name="tstNG.Qsp9" time="0.014" errors="0" timestamp="2024-08-01T15:32:21 IST" skipped="1">
  <testcase classname="tstNG.Qsp9" name="test2" time="0.014"/>
  <system-out>
    <![CDATA[Java]]>
  </system-out>
  <testcase classname="tstNG.Qsp9" name="test1">
    <skipped/>
  </testcase> <!-- test1 -->
  <system-out/>
</testsuite> <!-- tstNG.Qsp9 -->
