<?xml version="1.0" encoding="UTF-8"?>
<!-- Generated by org.testng.reporters.JUnitReportReporter -->
<testsuite hostname="DESKTOP-7B1GI6J" failures="0" tests="1" name="tstNG.Qsp3" time="0.004" errors="0" timestamp="2024-08-01T14:27:08 IST" skipped="0">
  <testcase classname="tstNG.Qsp3" name="test3" time="0.004"/>
  <system-out>
    <![CDATA[Banglor]]>
  </system-out>
</testsuite> <!-- tstNG.Qsp3 -->
