<?xml version="1.0" encoding="UTF-8"?>
<!-- Generated by org.testng.reporters.JUnitReportReporter -->
<testsuite hostname="DESKTOP-7B1GI6J" failures="0" tests="2" name="tstNG.Runner1_Script" time="121.343" errors="0" timestamp="2024-08-03T15:24:32 IST" skipped="0">
  <testcase classname="tstNG.Runner1_Script" name="rundata" time="82.968"/>
  <system-out/>
  <testcase classname="tstNG.Runner1_Script" name="rundata1" time="38.375"/>
  <system-out/>
</testsuite> <!-- tstNG.Runner1_Script -->
