<?xml version="1.0" encoding="UTF-8"?>
<!-- Generated by org.testng.reporters.JUnitReportReporter -->
<testsuite hostname="DESKTOP-7B1GI6J" failures="0" tests="1" name="Qsp.Crpt1" time="0.015" errors="0" timestamp="2024-08-14T14:35:44 IST" skipped="0">
  <testcase classname="Qsp.Crpt1" name="demo" time="0.015"/>
  <system-out/>
</testsuite> <!-- Qsp.Crpt1 -->
