<?xml version="1.0" encoding="UTF-8"?>
<!-- Generated by org.testng.reporters.JUnitReportReporter -->
<testsuite hostname="DESKTOP-7B1GI6J" failures="0" tests="2" name="TstNG2.Qsp6" time="0.020" errors="0" timestamp="2024-08-01T14:37:59 IST" skipped="0">
  <testcase classname="TstNG2.Qsp6" name="test00" time="0.014"/>
  <system-out>
    <![CDATA[Pink]]>
  </system-out>
  <testcase classname="TstNG2.Qsp6" name="test11" time="0.006"/>
  <system-out>
    <![CDATA[Black]]>
  </system-out>
</testsuite> <!-- TstNG2.Qsp6 -->
