<?xml version="1.0" encoding="UTF-8"?>
<!-- Generated by org.testng.reporters.JUnitReportReporter -->
<testsuite hostname="DESKTOP-7B1GI6J" failures="0" tests="1" name="tstNG.Ass" time="33.488" errors="0" timestamp="2024-08-03T15:29:13 IST" skipped="0">
  <testcase classname="tstNG.Ass" name="Fcassrt" time="33.488"/>
  <system-out/>
</testsuite> <!-- tstNG.Ass -->
