<?xml version="1.0" encoding="UTF-8"?>
<!-- Generated by org.testng.reporters.JUnitReportReporter -->
<testsuite hostname="DESKTOP-7B1GI6J" failures="0" tests="4" name="tstNG.Qsp10" time="0.025" errors="0" timestamp="2024-08-01T15:34:52 IST" skipped="0">
  <testcase classname="tstNG.Qsp10" name="post1" time="0.015"/>
  <system-out>
    <![CDATA[Sweet heart]]>
  </system-out>
  <testcase classname="tstNG.Qsp10" name="post" time="0.006"/>
  <system-out>
    <![CDATA[Sowmya]]>
  </system-out>
  <testcase classname="tstNG.Qsp10" name="post" time="0.002"/>
  <system-out>
    <![CDATA[Sowmya]]>
  </system-out>
  <testcase classname="tstNG.Qsp10" name="post" time="0.002"/>
  <system-out>
    <![CDATA[Sowmya]]>
  </system-out>
</testsuite> <!-- tstNG.Qsp10 -->
