<?xml version="1.0" encoding="UTF-8"?>
<!-- Generated by org.testng.reporters.JUnitReportReporter -->
<testsuite hostname="DESKTOP-7B1GI6J" failures="0" tests="2" name="tstNG.Qsp1" time="0.047" errors="0" timestamp="2024-08-01T14:27:08 IST" skipped="0">
  <testcase classname="tstNG.Qsp1" name="test1" time="0.043"/>
  <system-out>
    <![CDATA[India]]>
  </system-out>
  <testcase classname="tstNG.Qsp1" name="test2" time="0.004"/>
  <system-out>
    <![CDATA[Asia]]>
  </system-out>
</testsuite> <!-- tstNG.Qsp1 -->
